[07Jan2025 00:11:43.541] [Server thread/INFO] [net.minecraft.server.MinecraftServer/]: Wycktreckz has made the advancement [Take Aim]
[07Jan2025 00:19:24.236] [ForkJoinPool.commonPool-worker-15/ERROR] [net.minecraftforge.eventbus.EventSubclassTransformer/EVENTBUS]: Could not find parent it/unimi/dsi/fastutil/doubles/AbstractDoubleList for class com/abdelaziz/canary/common/shapes/lists/OffsetFractionalDoubleList in classloader jdk.internal.loader.ClassLoaders$AppClassLoader@4783da3f on thread Thread[#290,ForkJoinPool.commonPool-worker-15,5,SERVER]
[07Jan2025 00:19:24.237] [ForkJoinPool.commonPool-worker-15/ERROR] [net.minecraftforge.eventbus.EventSubclassTransformer/EVENTBUS]: An error occurred building event handler
java.lang.ClassNotFoundException: it.unimi.dsi.fastutil.doubles.AbstractDoubleList
	at jdk.internal.loader.BuiltinClassLoader.loadClass(BuiltinClassLoader.java:641) ~[?:?]
	at jdk.internal.loader.ClassLoaders$AppClassLoader.loadClass(ClassLoaders.java:188) ~[?:?]
	at java.lang.ClassLoader.loadClass(ClassLoader.java:526) ~[?:?]
	at net.minecraftforge.eventbus.EventSubclassTransformer.buildEvents(EventSubclassTransformer.java:97) ~[eventbus-6.0.5.jar%2352!/:?]
	at net.minecraftforge.eventbus.EventSubclassTransformer.transform(EventSubclassTransformer.java:48) ~[eventbus-6.0.5.jar%2352!/:?]
	at net.minecraftforge.eventbus.EventBusEngine.processClass(EventBusEngine.java:26) ~[eventbus-6.0.5.jar%2352!/:?]
	at net.minecraftforge.eventbus.service.ModLauncherService.processClassWithFlags(ModLauncherService.java:32) ~[eventbus-6.0.5.jar%2352!/:6.0.5+6.0.5+master.eb8e549b]
	at cpw.mods.modlauncher.LaunchPluginHandler.offerClassNodeToPlugins(LaunchPluginHandler.java:88) ~[modlauncher-10.0.9.jar%2355!/:?]
	at cpw.mods.modlauncher.ClassTransformer.transform(ClassTransformer.java:120) ~[modlauncher-10.0.9.jar%2355!/:?]
	at cpw.mods.modlauncher.TransformingClassLoader.maybeTransformClassBytes(TransformingClassLoader.java:50) ~[modlauncher-10.0.9.jar%2355!/:?]
	at cpw.mods.cl.ModuleClassLoader.readerToClass(ModuleClassLoader.java:113) ~[securejarhandler-2.1.10.jar:?]
	at cpw.mods.cl.ModuleClassLoader.lambda$findClass$15(ModuleClassLoader.java:219) ~[securejarhandler-2.1.10.jar:?]
	at cpw.mods.cl.ModuleClassLoader.loadFromModule(ModuleClassLoader.java:229) ~[securejarhandler-2.1.10.jar:?]
	at cpw.mods.cl.ModuleClassLoader.findClass(ModuleClassLoader.java:219) ~[securejarhandler-2.1.10.jar:?]
	at cpw.mods.cl.ModuleClassLoader.loadClass(ModuleClassLoader.java:135) ~[securejarhandler-2.1.10.jar:?]
	at java.lang.ClassLoader.loadClass(ClassLoader.java:526) ~[?:?]
	at com.abdelaziz.canary.common.shapes.VoxelShapeAlignedCuboidOffset.m_7700_(VoxelShapeAlignedCuboidOffset.java:136) ~[?:?]
	at net.minecraft.world.phys.shapes.Shapes.m_83148_(Shapes.java:148) ~[?:?]
	at com.simibubi.create.content.contraptions.Contraption.lambda$gatherBBsOffThread$25(Contraption.java:1416) ~[?:?]
	at java.util.concurrent.CompletableFuture$AsyncSupply.run(CompletableFuture.java:1768) ~[?:?]
	at java.util.concurrent.CompletableFuture$AsyncSupply.exec(CompletableFuture.java:1760) ~[?:?]
	at java.util.concurrent.ForkJoinTask.doExec(ForkJoinTask.java:387) ~[?:?]
	at java.util.concurrent.ForkJoinPool$WorkQueue.topLevelExec(ForkJoinPool.java:1312) ~[?:?]
	at java.util.concurrent.ForkJoinPool.scan(ForkJoinPool.java:1843) ~[?:?]
	at java.util.concurrent.ForkJoinPool.runWorker(ForkJoinPool.java:1808) ~[?:?]
	at java.util.concurrent.ForkJoinWorkerThread.run(ForkJoinWorkerThread.java:188) ~[?:?]
[07Jan2025 00:51:11.614] [Server thread/INFO] [net.minecraft.server.MinecraftServer/]: YeferJV has made the advancement [The End?]
[07Jan2025 00:51:13.095] [Server thread/WARN] [net.minecraft.server.MinecraftServer/]: Can't keep up! Is the server overloaded? Running 2768ms or 55 ticks behind
[07Jan2025 00:51:13.131] [Server thread/INFO] [net.minecraft.server.MinecraftServer/]: Wycktreckz has made the advancement [The End?]
[07Jan2025 00:51:15.532] [Server thread/INFO] [net.minecraft.world.level.dimension.end.EndDragonFight/]: Scanning for legacy world dragon fight...
[07Jan2025 00:51:15.582] [Server thread/INFO] [net.minecraft.world.level.dimension.end.EndDragonFight/]: Found that the dragon has not yet been killed in this world.
[07Jan2025 00:54:49.978] [Server thread/INFO] [net.minecraft.server.MinecraftServer/]: Wycktreckz was doomed to fall by Ender Dragon
[07Jan2025 00:54:50.017] [Server thread/INFO] [tombstone/]: The player Wycktreckz has successfully been saved
[07Jan2025 00:55:19.039] [Server thread/INFO] [net.minecraft.server.MinecraftServer/]: YeferJV has made the advancement [Free the End]
[07Jan2025 00:56:21.642] [Server thread/INFO] [net.minecraft.server.MinecraftServer/]: YeferJV has reached the goal [The Next Generation]
[07Jan2025 00:56:42.465] [Server thread/INFO] [net.minecraft.server.MinecraftServer/]: Wycktreckz has made the advancement [The Most Useful Key]
[07Jan2025 00:56:47.310] [Server thread/INFO] [net.minecraft.server.MinecraftServer/]: Wycktreckz has reached the goal [A Fast Comeback]
[07Jan2025 00:58:22.525] [Server thread/INFO] [net.minecraft.server.MinecraftServer/]: Wycktreckz has made the advancement [Withering Heights]
[07Jan2025 00:59:14.108] [Server thread/INFO] [net.minecraft.server.MinecraftServer/]: Wycktreckz has reached the goal [Strong Undead]
[07Jan2025 01:02:11.783] [Server thread/INFO] [net.minecraft.server.MinecraftServer/]: YeferJV has made the advancement [Withering Heights]
[07Jan2025 01:02:55.537] [Server thread/INFO] [net.minecraft.server.MinecraftServer/]: YeferJV has reached the goal [Strong Undead]
[07Jan2025 01:02:55.549] [Server thread/INFO] [net.minecraft.server.MinecraftServer/]: YeferJV has made the advancement [Your First Receptacle]
[07Jan2025 01:02:55.551] [Server thread/INFO] [net.minecraft.server.MinecraftServer/]: YeferJV has made the advancement [Back to childhood]
[07Jan2025 01:02:55.552] [Server thread/INFO] [net.minecraft.server.MinecraftServer/]: YeferJV has made the advancement [Not even afraid of death]
[07Jan2025 01:05:19.637] [Server thread/INFO] [net.minecraft.server.MinecraftServer/]: Wycktreckz withered away
[07Jan2025 01:05:19.642] [Server thread/INFO] [tombstone/]: The player Wycktreckz has successfully been saved
